[0702/011015.432:ERROR:process_memory_win.cc(73)] ReadMemory at 0xfe0000 of 64 bytes failed: Only part of a ReadProcessMemory or WriteProcessMemory request was completed. (0x12B)
[0702/011016.068:WARNING:pe_image_reader.cc(340)] could not read dos header from C:\Program Files (x86)\Google\Chrome\Application\chrome.exe
[0702/011016.068:ERROR:process_memory_win.cc(73)] ReadMemory at 0x777f0000 of 64 bytes failed: Only part of a ReadProcessMemory or WriteProcessMemory request was completed. (0x12B)
[0702/011016.068:WARNING:pe_image_reader.cc(340)] could not read dos header from C:\Windows\SYSTEM32\ntdll.dll
[0702/011016.068:ERROR:process_memory_win.cc(73)] ReadMemory at 0x74850000 of 64 bytes failed: Only part of a ReadProcessMemory or WriteProcessMemory request was completed. (0x12B)
[0702/011016.296:WARNING:pe_image_reader.cc(340)] could not read dos header from C:\Windows\System32\KERNEL32.DLL
[0702/011016.296:ERROR:process_memory_win.cc(73)] ReadMemory at 0x76ca0000 of 64 bytes failed: Only part of a ReadProcessMemory or WriteProcessMemory request was completed. (0x12B)
[0702/011016.296:WARNING:pe_image_reader.cc(340)] could not read dos header from C:\Windows\System32\KERNELBASE.dll
[0702/011016.296:ERROR:process_memory_win.cc(73)] ReadMemory at 0x74960000 of 64 bytes failed: Only part of a ReadProcessMemory or WriteProcessMemory request was completed. (0x12B)
[0702/011016.296:WARNING:pe_image_reader.cc(340)] could not read dos header from C:\Windows\System32\SHELL32.dll
[0702/011016.296:ERROR:process_memory_win.cc(73)] ReadMemory at 0x740d0000 of 64 bytes failed: Only part of a ReadProcessMemory or WriteProcessMemory request was completed. (0x12B)
[0702/011016.296:WARNING:pe_image_reader.cc(340)] could not read dos header from C:\Windows\System32\msvcrt.dll
[0702/011016.296:ERROR:process_memory_win.cc(73)] ReadMemory at 0x745e0000 of 64 bytes failed: Only part of a ReadProcessMemory or WriteProcessMemory request was completed. (0x12B)
[0702/011016.296:WARNING:pe_image_reader.cc(340)] could not read dos header from C:\Windows\System32\cfgmgr32.dll
[0702/011016.296:ERROR:process_memory_win.cc(73)] ReadMemory at 0x77190000 of 64 bytes failed: Only part of a ReadProcessMemory or WriteProcessMemory request was completed. (0x12B)
[0702/011016.296:WARNING:pe_image_reader.cc(340)] could not read dos header from C:\Windows\System32\ucrtbase.dll
[0702/011016.296:ERROR:process_memory_win.cc(73)] ReadMemory at 0x77460000 of 64 bytes failed: Only part of a ReadProcessMemory or WriteProcessMemory request was completed. (0x12B)
[0702/011016.296:WARNING:pe_image_reader.cc(340)] could not read dos header from C:\Windows\System32\shcore.dll
[0702/011016.297:ERROR:process_memory_win.cc(73)] ReadMemory at 0x74350000 of 64 bytes failed: Only part of a ReadProcessMemory or WriteProcessMemory request was completed. (0x12B)
[0702/011016.297:WARNING:pe_image_reader.cc(340)] could not read dos header from C:\Windows\System32\RPCRT4.dll
[0702/011016.297:ERROR:process_memory_win.cc(73)] ReadMemory at 0x740b0000 of 64 bytes failed: Only part of a ReadProcessMemory or WriteProcessMemory request was completed. (0x12B)
[0702/011016.297:WARNING:pe_image_reader.cc(340)] could not read dos header from C:\Windows\System32\SspiCli.dll
[0702/011016.297:ERROR:process_memory_win.cc(73)] ReadMemory at 0x740a0000 of 64 bytes failed: Only part of a ReadProcessMemory or WriteProcessMemory request was completed. (0x12B)
[0702/011016.297:WARNING:pe_image_reader.cc(340)] could not read dos header from C:\Windows\System32\CRYPTBASE.dll
[0702/011016.297:ERROR:process_memory_win.cc(73)] ReadMemory at 0x75d00000 of 64 bytes failed: Only part of a ReadProcessMemory or WriteProcessMemory request was completed. (0x12B)
[0702/011016.297:WARNING:pe_image_reader.cc(340)] could not read dos header from C:\Windows\System32\bcryptPrimitives.dll
[0702/011016.297:ERROR:process_memory_win.cc(73)] ReadMemory at 0x76500000 of 64 bytes failed: Only part of a ReadProcessMemory or WriteProcessMemory request was completed. (0x12B)
[0702/011016.297:WARNING:pe_image_reader.cc(340)] could not read dos header from C:\Windows\System32\sechost.dll
[0702/011016.297:ERROR:process_memory_win.cc(73)] ReadMemory at 0x76ef0000 of 64 bytes failed: Only part of a ReadProcessMemory or WriteProcessMemory request was completed. (0x12B)
[0702/011016.297:WARNING:pe_image_reader.cc(340)] could not read dos header from C:\Windows\System32\combase.dll
[0702/011016.297:ERROR:process_memory_win.cc(73)] ReadMemory at 0x76550000 of 64 bytes failed: Only part of a ReadProcessMemory or WriteProcessMemory request was completed. (0x12B)
[0702/011016.298:WARNING:pe_image_reader.cc(340)] could not read dos header from C:\Windows\System32\windows.storage.dll
[0702/011016.298:ERROR:process_memory_win.cc(73)] ReadMemory at 0x74210000 of 64 bytes failed: Only part of a ReadProcessMemory or WriteProcessMemory request was completed. (0x12B)
[0702/011016.298:WARNING:pe_image_reader.cc(340)] could not read dos header from C:\Windows\System32\advapi32.dll
[0702/011016.298:ERROR:process_memory_win.cc(73)] ReadMemory at 0x75cb0000 of 64 bytes failed: Only part of a ReadProcessMemory or WriteProcessMemory request was completed. (0x12B)
[0702/011016.298:WARNING:pe_image_reader.cc(340)] could not read dos header from C:\Windows\System32\shlwapi.dll
[0702/011016.298:ERROR:process_memory_win.cc(73)] ReadMemory at 0x74930000 of 64 bytes failed: Only part of a ReadProcessMemory or WriteProcessMemory request was completed. (0x12B)
[0702/011016.298:WARNING:pe_image_reader.cc(340)] could not read dos header from C:\Windows\System32\GDI32.dll
[0702/011016.298:ERROR:process_memory_win.cc(73)] ReadMemory at 0x77590000 of 64 bytes failed: Only part of a ReadProcessMemory or WriteProcessMemory request was completed. (0x12B)
[0702/011016.298:WARNING:pe_image_reader.cc(340)] could not read dos header from C:\Windows\System32\gdi32full.dll
[0702/011016.298:ERROR:process_memory_win.cc(73)] ReadMemory at 0x74410000 of 64 bytes failed: Only part of a ReadProcessMemory or WriteProcessMemory request was completed. (0x12B)
[0702/011016.298:WARNING:pe_image_reader.cc(340)] could not read dos header from C:\Windows\System32\msvcp_win.dll
[0702/011016.298:ERROR:process_memory_win.cc(73)] ReadMemory at 0x76b10000 of 64 bytes failed: Only part of a ReadProcessMemory or WriteProcessMemory request was completed. (0x12B)
[0702/011016.298:WARNING:pe_image_reader.cc(340)] could not read dos header from C:\Windows\System32\USER32.dll
[0702/011016.298:ERROR:process_memory_win.cc(73)] ReadMemory at 0x77170000 of 64 bytes failed: Only part of a ReadProcessMemory or WriteProcessMemory request was completed. (0x12B)
[0702/011016.298:WARNING:pe_image_reader.cc(340)] could not read dos header from C:\Windows\System32\win32u.dll
[0702/011016.298:ERROR:process_memory_win.cc(73)] ReadMemory at 0x75e00000 of 64 bytes failed: Only part of a ReadProcessMemory or WriteProcessMemory request was completed. (0x12B)
[0702/011016.299:WARNING:pe_image_reader.cc(340)] could not read dos header from C:\Windows\System32\kernel.appcore.dll
[0702/011016.299:ERROR:process_memory_win.cc(73)] ReadMemory at 0x74290000 of 64 bytes failed: Only part of a ReadProcessMemory or WriteProcessMemory request was completed. (0x12B)
[0702/011016.299:WARNING:pe_image_reader.cc(340)] could not read dos header from C:\Windows\System32\profapi.dll
[0702/011016.299:ERROR:process_memory_win.cc(73)] ReadMemory at 0x75db0000 of 64 bytes failed: Only part of a ReadProcessMemory or WriteProcessMemory request was completed. (0x12B)
[0702/011016.299:WARNING:pe_image_reader.cc(340)] could not read dos header from C:\Windows\System32\powrprof.dll
[0702/011016.299:ERROR:process_memory_win.cc(73)] ReadMemory at 0x772b0000 of 64 bytes failed: Only part of a ReadProcessMemory or WriteProcessMemory request was completed. (0x12B)
[0702/011016.299:WARNING:pe_image_reader.cc(340)] could not read dos header from C:\Windows\System32\FLTLIB.DLL
[0702/011016.299:ERROR:process_memory_win.cc(73)] ReadMemory at 0x73320000 of 64 bytes failed: Only part of a ReadProcessMemory or WriteProcessMemory request was completed. (0x12B)
[0702/011016.299:WARNING:pe_image_reader.cc(340)] could not read dos header from C:\Program Files (x86)\Google\Chrome\Application\75.0.3770.100\chrome_elf.dll
[0702/011016.299:ERROR:process_memory_win.cc(73)] ReadMemory at 0x73c40000 of 64 bytes failed: Only part of a ReadProcessMemory or WriteProcessMemory request was completed. (0x12B)
[0702/011016.299:WARNING:pe_image_reader.cc(340)] could not read dos header from C:\Windows\SYSTEM32\VERSION.dll
[0702/011016.299:ERROR:process_memory_win.cc(73)] ReadMemory at 0x72660000 of 64 bytes failed: Only part of a ReadProcessMemory or WriteProcessMemory request was completed. (0x12B)
[0702/011016.299:WARNING:pe_image_reader.cc(340)] could not read dos header from C:\Windows\SYSTEM32\WINMM.dll
[0702/011016.300:ERROR:process_memory_win.cc(73)] ReadMemory at 0x74040000 of 64 bytes failed: Only part of a ReadProcessMemory or WriteProcessMemory request was completed. (0x12B)
[0702/011016.300:WARNING:pe_image_reader.cc(340)] could not read dos header from C:\Windows\SYSTEM32\USERENV.dll
[0702/011016.300:ERROR:process_memory_win.cc(73)] ReadMemory at 0x72170000 of 64 bytes failed: Only part of a ReadProcessMemory or WriteProcessMemory request was completed. (0x12B)
[0702/011016.300:WARNING:pe_image_reader.cc(340)] could not read dos header from C:\Windows\SYSTEM32\WINMMBASE.dll
[0702/011016.300:ERROR:process_memory_win.cc(73)] ReadMemory at 0x772c0000 of 64 bytes failed: Only part of a ReadProcessMemory or WriteProcessMemory request was completed. (0x12B)
[0702/011016.300:WARNING:pe_image_reader.cc(340)] could not read dos header from C:\Windows\System32\IMM32.DLL
[0702/011016.300:ERROR:process_memory_win.cc(73)] ReadMemory at 0xf7a0000 of 64 bytes failed: Only part of a ReadProcessMemory or WriteProcessMemory request was completed. (0x12B)
[0702/011016.300:WARNING:pe_image_reader.cc(340)] could not read dos header from C:\Program Files (x86)\Google\Chrome\Application\75.0.3770.100\chrome_child.dll
[0702/011016.300:ERROR:process_memory_win.cc(73)] ReadMemory at 0x741a0000 of 64 bytes failed: Only part of a ReadProcessMemory or WriteProcessMemory request was completed. (0x12B)
[0702/011016.300:WARNING:pe_image_reader.cc(340)] could not read dos header from C:\Windows\System32\WS2_32.dll
[0702/011016.300:ERROR:process_memory_win.cc(73)] ReadMemory at 0x76400000 of 64 bytes failed: Only part of a ReadProcessMemory or WriteProcessMemory request was completed. (0x12B)
[0702/011016.300:WARNING:pe_image_reader.cc(340)] could not read dos header from C:\Windows\System32\ole32.dll
[0702/011016.300:ERROR:process_memory_win.cc(73)] ReadMemory at 0x742b0000 of 64 bytes failed: Only part of a ReadProcessMemory or WriteProcessMemory request was completed. (0x12B)
[0702/011016.300:WARNING:pe_image_reader.cc(340)] could not read dos header from C:\Windows\System32\OLEAUT32.dll
[0702/011016.300:ERROR:process_memory_win.cc(73)] ReadMemory at 0x75d60000 of 64 bytes failed: Only part of a ReadProcessMemory or WriteProcessMemory request was completed. (0x12B)
[0702/011016.300:WARNING:pe_image_reader.cc(340)] could not read dos header from C:\Windows\System32\WINTRUST.dll
[0702/011016.301:ERROR:process_memory_win.cc(73)] ReadMemory at 0x77150000 of 64 bytes failed: Only part of a ReadProcessMemory or WriteProcessMemory request was completed. (0x12B)
[0702/011016.301:WARNING:pe_image_reader.cc(340)] could not read dos header from C:\Windows\System32\MSASN1.dll
[0702/011016.301:ERROR:process_memory_win.cc(73)] ReadMemory at 0x76260000 of 64 bytes failed: Only part of a ReadProcessMemory or WriteProcessMemory request was completed. (0x12B)
[0702/011016.301:WARNING:pe_image_reader.cc(340)] could not read dos header from C:\Windows\System32\CRYPT32.dll
[0702/011016.301:ERROR:process_memory_win.cc(73)] ReadMemory at 0x74770000 of 64 bytes failed: Only part of a ReadProcessMemory or WriteProcessMemory request was completed. (0x12B)
[0702/011016.301:WARNING:pe_image_reader.cc(340)] could not read dos header from C:\Windows\System32\COMDLG32.dll
[0702/011016.301:ERROR:process_memory_win.cc(73)] ReadMemory at 0x74070000 of 64 bytes failed: Only part of a ReadProcessMemory or WriteProcessMemory request was completed. (0x12B)
[0702/011016.301:WARNING:pe_image_reader.cc(340)] could not read dos header from C:\Windows\SYSTEM32\IPHLPAPI.DLL
[0702/011016.301:ERROR:process_memory_win.cc(73)] ReadMemory at 0x71880000 of 64 bytes failed: Only part of a ReadProcessMemory or WriteProcessMemory request was completed. (0x12B)
[0702/011016.301:WARNING:pe_image_reader.cc(340)] could not read dos header from C:\Windows\SYSTEM32\OLEACC.dll
[0702/011016.301:ERROR:process_memory_win.cc(73)] ReadMemory at 0x62c70000 of 64 bytes failed: Only part of a ReadProcessMemory or WriteProcessMemory request was completed. (0x12B)
[0702/011016.301:WARNING:pe_image_reader.cc(340)] could not read dos header from C:\Windows\SYSTEM32\UIAutomationCore.DLL
[0702/011016.301:ERROR:process_memory_win.cc(73)] ReadMemory at 0x73530000 of 64 bytes failed: Only part of a ReadProcessMemory or WriteProcessMemory request was completed. (0x12B)
[0702/011016.301:WARNING:pe_image_reader.cc(340)] could not read dos header from C:\Windows\SYSTEM32\WTSAPI32.dll
[0702/011016.301:ERROR:process_memory_win.cc(73)] ReadMemory at 0x63cf0000 of 64 bytes failed: Only part of a ReadProcessMemory or WriteProcessMemory request was completed. (0x12B)
[0702/011016.301:WARNING:pe_image_reader.cc(340)] could not read dos header from C:\Windows\SYSTEM32\DWrite.dll
[0702/011016.302:ERROR:process_memory_win.cc(73)] ReadMemory at 0x6b480000 of 64 bytes failed: Only part of a ReadProcessMemory or WriteProcessMemory request was completed. (0x12B)
[0702/011016.302:WARNING:pe_image_reader.cc(340)] could not read dos header from C:\Windows\SYSTEM32\dxgi.dll
[0702/011016.302:ERROR:process_memory_win.cc(73)] ReadMemory at 0x73540000 of 64 bytes failed: Only part of a ReadProcessMemory or WriteProcessMemory request was completed. (0x12B)
[0702/011016.302:WARNING:pe_image_reader.cc(340)] could not read dos header from C:\Windows\SYSTEM32\WINSPOOL.DRV
[0702/011016.302:ERROR:process_memory_win.cc(73)] ReadMemory at 0x6ba60000 of 64 bytes failed: Only part of a ReadProcessMemory or WriteProcessMemory request was completed. (0x12B)
[0702/011016.302:WARNING:pe_image_reader.cc(340)] could not read dos header from C:\Windows\SYSTEM32\dbghelp.dll
[0702/011016.302:ERROR:process_memory_win.cc(73)] ReadMemory at 0x73110000 of 64 bytes failed: Only part of a ReadProcessMemory or WriteProcessMemory request was completed. (0x12B)
[0702/011016.302:WARNING:pe_image_reader.cc(340)] could not read dos header from C:\Windows\WinSxS\x86_microsoft.windows.common-controls_6595b64144ccf1df_6.0.17134.829_none_42f3dc1e44dde2db\COMCTL32.dll
[0702/011016.302:ERROR:process_memory_win.cc(73)] ReadMemory at 0x6e640000 of 64 bytes failed: Only part of a ReadProcessMemory or WriteProcessMemory request was completed. (0x12B)
[0702/011016.302:WARNING:pe_image_reader.cc(340)] could not read dos header from C:\Windows\SYSTEM32\USP10.dll
[0702/011016.302:ERROR:process_memory_win.cc(73)] ReadMemory at 0x73b70000 of 64 bytes failed: Only part of a ReadProcessMemory or WriteProcessMemory request was completed. (0x12B)
[0702/011016.302:WARNING:pe_image_reader.cc(340)] could not read dos header from C:\Windows\SYSTEM32\WINHTTP.dll
[0702/011016.302:ERROR:process_memory_win.cc(73)] ReadMemory at 0x72690000 of 64 bytes failed: Only part of a ReadProcessMemory or WriteProcessMemory request was completed. (0x12B)
[0702/011016.302:WARNING:pe_image_reader.cc(340)] could not read dos header from C:\Windows\SYSTEM32\urlmon.dll
[0702/011016.302:ERROR:process_memory_win.cc(73)] ReadMemory at 0x721a0000 of 64 bytes failed: Only part of a ReadProcessMemory or WriteProcessMemory request was completed. (0x12B)
[0702/011016.302:WARNING:pe_image_reader.cc(340)] could not read dos header from C:\Windows\SYSTEM32\Secur32.dll
[0702/011016.303:ERROR:process_memory_win.cc(73)] ReadMemory at 0x73650000 of 64 bytes failed: Only part of a ReadProcessMemory or WriteProcessMemory request was completed. (0x12B)
[0702/011016.303:WARNING:pe_image_reader.cc(340)] could not read dos header from C:\Windows\SYSTEM32\dhcpcsvc.DLL
[0702/011016.303:ERROR:process_memory_win.cc(73)] ReadMemory at 0x77160000 of 64 bytes failed: Only part of a ReadProcessMemory or WriteProcessMemory request was completed. (0x12B)
[0702/011016.303:WARNING:pe_image_reader.cc(340)] could not read dos header from C:\Windows\System32\NSI.dll
[0702/011016.303:ERROR:process_memory_win.cc(73)] ReadMemory at 0x73860000 of 64 bytes failed: Only part of a ReadProcessMemory or WriteProcessMemory request was completed. (0x12B)
[0702/011016.303:WARNING:pe_image_reader.cc(340)] could not read dos header from C:\Windows\SYSTEM32\PROPSYS.dll
[0702/011016.303:ERROR:process_memory_win.cc(73)] ReadMemory at 0x73b40000 of 64 bytes failed: Only part of a ReadProcessMemory or WriteProcessMemory request was completed. (0x12B)
[0702/011016.303:WARNING:pe_image_reader.cc(340)] could not read dos header from C:\Windows\SYSTEM32\bcrypt.dll
[0702/011016.303:ERROR:process_memory_win.cc(73)] ReadMemory at 0x72420000 of 64 bytes failed: Only part of a ReadProcessMemory or WriteProcessMemory request was completed. (0x12B)
[0702/011016.303:WARNING:pe_image_reader.cc(340)] could not read dos header from C:\Windows\SYSTEM32\iertutil.dll
[0702/011019.289:ERROR:process_memory_win.cc(73)] ReadMemory at 0x72b000 of 86016 bytes failed: Only part of a ReadProcessMemory or WriteProcessMemory request was completed. (0x12B)
[0702/011019.290:ERROR:process_memory_win.cc(73)] ReadMemory at 0x70ce000 of 8192 bytes failed: Only part of a ReadProcessMemory or WriteProcessMemory request was completed. (0x12B)
[0702/011019.290:ERROR:process_memory_win.cc(73)] ReadMemory at 0x740d000 of 12288 bytes failed: Only part of a ReadProcessMemory or WriteProcessMemory request was completed. (0x12B)
[0702/011019.290:ERROR:process_memory_win.cc(73)] ReadMemory at 0x754f000 of 4096 bytes failed: Only part of a ReadProcessMemory or WriteProcessMemory request was completed. (0x12B)
[0702/011019.291:ERROR:process_memory_win.cc(73)] ReadMemory at 0x768e000 of 8192 bytes failed: Only part of a ReadProcessMemory or WriteProcessMemory request was completed. (0x12B)
[0702/011019.291:ERROR:process_memory_win.cc(73)] ReadMemory at 0x77cd000 of 12288 bytes failed: Only part of a ReadProcessMemory or WriteProcessMemory request was completed. (0x12B)
[0702/011019.291:ERROR:process_memory_win.cc(73)] ReadMemory at 0x7c48000 of 32768 bytes failed: Only part of a ReadProcessMemory or WriteProcessMemory request was completed. (0x12B)
[0702/011019.291:ERROR:process_memory_win.cc(73)] ReadMemory at 0x7d87000 of 36864 bytes failed: Only part of a ReadProcessMemory or WriteProcessMemory request was completed. (0x12B)
[0702/011019.292:ERROR:process_memory_win.cc(73)] ReadMemory at 0x7ecc000 of 16384 bytes failed: Only part of a ReadProcessMemory or WriteProcessMemory request was completed. (0x12B)
[0702/011019.292:ERROR:process_memory_win.cc(73)] ReadMemory at 0xcefd000 of 12288 bytes failed: Only part of a ReadProcessMemory or WriteProcessMemory request was completed. (0x12B)
[0702/011019.292:ERROR:process_memory_win.cc(73)] ReadMemory at 0xcff0000 of 65536 bytes failed: Only part of a ReadProcessMemory or WriteProcessMemory request was completed. (0x12B)
[0702/011019.292:ERROR:process_memory_win.cc(73)] ReadMemory at 0x1553e000 of 8192 bytes failed: Only part of a ReadProcessMemory or WriteProcessMemory request was completed. (0x12B)
[0702/011019.293:ERROR:process_memory_win.cc(73)] ReadMemory at 0x1bb6e000 of 8192 bytes failed: Only part of a ReadProcessMemory or WriteProcessMemory request was completed. (0x12B)
[0702/011019.293:ERROR:process_memory_win.cc(73)] ReadMemory at 0x157fe000 of 8192 bytes failed: Only part of a ReadProcessMemory or WriteProcessMemory request was completed. (0x12B)
[0702/011019.293:ERROR:process_memory_win.cc(73)] ReadMemory at 0x1697b000 of 20480 bytes failed: Only part of a ReadProcessMemory or WriteProcessMemory request was completed. (0x12B)
[0702/011019.293:ERROR:process_memory_win.cc(73)] ReadMemory at 0x1a13b000 of 20480 bytes failed: Only part of a ReadProcessMemory or WriteProcessMemory request was completed. (0x12B)
[0702/011019.294:ERROR:process_memory_win.cc(73)] ReadMemory at 0x1a4fb000 of 20480 bytes failed: Only part of a ReadProcessMemory or WriteProcessMemory request was completed. (0x12B)
[0702/011019.294:ERROR:process_memory_win.cc(73)] ReadMemory at 0xf31d000 of 12288 bytes failed: Only part of a ReadProcessMemory or WriteProcessMemory request was completed. (0x12B)
[0702/011019.294:ERROR:process_memory_win.cc(73)] ReadMemory at 0x1f93e000 of 8192 bytes failed: Only part of a ReadProcessMemory or WriteProcessMemory request was completed. (0x12B)
[0702/011019.294:ERROR:process_memory_win.cc(73)] ReadMemory at 0xd1ff000 of 4096 bytes failed: Only part of a ReadProcessMemory or WriteProcessMemory request was completed. (0x12B)
[0702/011019.294:ERROR:process_memory_win.cc(73)] ReadMemory at 0x420000 of 3992 bytes failed: Only part of a ReadProcessMemory or WriteProcessMemory request was completed. (0x12B)
[0702/011019.295:ERROR:process_memory_win.cc(73)] ReadMemory at 0x429000 of 3992 bytes failed: Only part of a ReadProcessMemory or WriteProcessMemory request was completed. (0x12B)
[0702/011019.295:ERROR:process_memory_win.cc(73)] ReadMemory at 0x42c000 of 3992 bytes failed: Only part of a ReadProcessMemory or WriteProcessMemory request was completed. (0x12B)
[0702/011019.295:ERROR:process_memory_win.cc(73)] ReadMemory at 0x42f000 of 3992 bytes failed: Only part of a ReadProcessMemory or WriteProcessMemory request was completed. (0x12B)
[0702/011019.295:ERROR:process_memory_win.cc(73)] ReadMemory at 0x4a1000 of 3992 bytes failed: Only part of a ReadProcessMemory or WriteProcessMemory request was completed. (0x12B)
[0702/011019.295:ERROR:process_memory_win.cc(73)] ReadMemory at 0x4aa000 of 3992 bytes failed: Only part of a ReadProcessMemory or WriteProcessMemory request was completed. (0x12B)
[0702/011019.295:ERROR:process_memory_win.cc(73)] ReadMemory at 0x4ad000 of 3992 bytes failed: Only part of a ReadProcessMemory or WriteProcessMemory request was completed. (0x12B)
[0702/011019.296:ERROR:process_memory_win.cc(73)] ReadMemory at 0x5a0000 of 560 bytes failed: Only part of a ReadProcessMemory or WriteProcessMemory request was completed. (0x12B)
[0702/011019.296:ERROR:process_memory_win.cc(73)] ReadMemory at 0x5a3000 of 3992 bytes failed: Only part of a ReadProcessMemory or WriteProcessMemory request was completed. (0x12B)
[0702/011019.296:ERROR:process_memory_win.cc(73)] ReadMemory at 0x5a9000 of 3992 bytes failed: Only part of a ReadProcessMemory or WriteProcessMemory request was completed. (0x12B)
[0702/011019.296:ERROR:process_memory_win.cc(73)] ReadMemory at 0x5b2000 of 3992 bytes failed: Only part of a ReadProcessMemory or WriteProcessMemory request was completed. (0x12B)
[0702/011019.296:ERROR:process_memory_win.cc(73)] ReadMemory at 0x5b5000 of 3992 bytes failed: Only part of a ReadProcessMemory or WriteProcessMemory request was completed. (0x12B)
[0702/011019.296:ERROR:process_memory_win.cc(73)] ReadMemory at 0x5b8000 of 3992 bytes failed: Only part of a ReadProcessMemory or WriteProcessMemory request was completed. (0x12B)
[0702/011019.314:ERROR:process_memory_win.cc(73)] ReadMemory at 0x5bb000 of 3992 bytes failed: Only part of a ReadProcessMemory or WriteProcessMemory request was completed. (0x12B)
[0702/011019.314:ERROR:process_memory_win.cc(73)] ReadMemory at 0x5c1000 of 3992 bytes failed: Only part of a ReadProcessMemory or WriteProcessMemory request was completed. (0x12B)
[0702/011019.315:ERROR:process_memory_win.cc(73)] ReadMemory at 0x5c4000 of 3992 bytes failed: Only part of a ReadProcessMemory or WriteProcessMemory request was completed. (0x12B)
[0702/011019.315:ERROR:process_memory_win.cc(73)] ReadMemory at 0x5c7000 of 3992 bytes failed: Only part of a ReadProcessMemory or WriteProcessMemory request was completed. (0x12B)
[0702/011019.315:ERROR:process_memory_win.cc(73)] ReadMemory at 0x5d0000 of 3992 bytes failed: Only part of a ReadProcessMemory or WriteProcessMemory request was completed. (0x12B)
[0702/011019.315:ERROR:process_memory_win.cc(73)] ReadMemory at 0x5d3000 of 3992 bytes failed: Only part of a ReadProcessMemory or WriteProcessMemory request was completed. (0x12B)
[0702/011019.315:ERROR:process_memory_win.cc(73)] ReadMemory at 0x5e2000 of 3992 bytes failed: Only part of a ReadProcessMemory or WriteProcessMemory request was completed. (0x12B)
[0702/011019.316:ERROR:process_memory_win.cc(73)] ReadMemory at 0x5f7000 of 3992 bytes failed: Only part of a ReadProcessMemory or WriteProcessMemory request was completed. (0x12B)
[0702/011019.316:ERROR:process_memory_win.cc(73)] ReadMemory at 0x950ae0 of 22564 bytes failed: Only part of a ReadProcessMemory or WriteProcessMemory request was completed. (0x12B)
[0702/011019.316:ERROR:process_memory_win.cc(73)] ReadMemory at 0x956310 of 660 bytes failed: Only part of a ReadProcessMemory or WriteProcessMemory request was completed. (0x12B)
[0702/011019.316:ERROR:process_memory_win.cc(73)] ReadMemory at 0x9567bc of 118 bytes failed: Only part of a ReadProcessMemory or WriteProcessMemory request was completed. (0x12B)
[0702/011019.316:ERROR:process_memory_win.cc(73)] ReadMemory at 0x956834 of 960 bytes failed: Only part of a ReadProcessMemory or WriteProcessMemory request was completed. (0x12B)
[0702/011019.316:ERROR:process_memory_win.cc(73)] ReadMemory at 0x956bf6 of 118 bytes failed: Only part of a ReadProcessMemory or WriteProcessMemory request was completed. (0x12B)
[0702/011019.317:ERROR:process_memory_win.cc(73)] ReadMemory at 0x956c6e of 104 bytes failed: Only part of a ReadProcessMemory or WriteProcessMemory request was completed. (0x12B)
[0702/011019.317:ERROR:process_memory_win.cc(73)] ReadMemory at 0x95c508 of 58 bytes failed: Only part of a ReadProcessMemory or WriteProcessMemory request was completed. (0x12B)
[0702/011019.324:ERROR:process_memory_win.cc(73)] ReadMemory at 0x95c5f8 of 72 bytes failed: Only part of a ReadProcessMemory or WriteProcessMemory request was completed. (0x12B)
[0702/011019.324:ERROR:process_memory_win.cc(73)] ReadMemory at 0x95c6e0 of 72 bytes failed: Only part of a ReadProcessMemory or WriteProcessMemory request was completed. (0x12B)
[0702/011019.325:ERROR:process_memory_win.cc(73)] ReadMemory at 0x95c7e0 of 126 bytes failed: Only part of a ReadProcessMemory or WriteProcessMemory request was completed. (0x12B)
[0702/011019.325:ERROR:process_memory_win.cc(73)] ReadMemory at 0x95cb10 of 72 bytes failed: Only part of a ReadProcessMemory or WriteProcessMemory request was completed. (0x12B)
[0702/011019.325:ERROR:process_memory_win.cc(73)] ReadMemory at 0x95cbf8 of 64 bytes failed: Only part of a ReadProcessMemory or WriteProcessMemory request was completed. (0x12B)
[0702/011019.325:ERROR:process_memory_win.cc(73)] ReadMemory at 0x95cce0 of 72 bytes failed: Only part of a ReadProcessMemory or WriteProcessMemory request was completed. (0x12B)
[0702/011019.325:ERROR:process_memory_win.cc(73)] ReadMemory at 0x95ce68 of 72 bytes failed: Only part of a ReadProcessMemory or WriteProcessMemory request was completed. (0x12B)
[0702/011019.325:ERROR:process_memory_win.cc(73)] ReadMemory at 0x95cf50 of 68 bytes failed: Only part of a ReadProcessMemory or WriteProcessMemory request was completed. (0x12B)
[0702/011019.325:ERROR:process_memory_win.cc(73)] ReadMemory at 0x95d9a8 of 72 bytes failed: Only part of a ReadProcessMemory or WriteProcessMemory request was completed. (0x12B)
[0702/011019.325:ERROR:process_memory_win.cc(73)] ReadMemory at 0x95da58 of 62 bytes failed: Only part of a ReadProcessMemory or WriteProcessMemory request was completed. (0x12B)
[0702/011019.325:ERROR:process_memory_win.cc(73)] ReadMemory at 0x95dc80 of 72 bytes failed: Only part of a ReadProcessMemory or WriteProcessMemory request was completed. (0x12B)
[0702/011019.326:ERROR:process_memory_win.cc(73)] ReadMemory at 0x95dd68 of 60 bytes failed: Only part of a ReadProcessMemory or WriteProcessMemory request was completed. (0x12B)
[0702/011019.326:ERROR:process_memory_win.cc(73)] ReadMemory at 0x95ded0 of 72 bytes failed: Only part of a ReadProcessMemory or WriteProcessMemory request was completed. (0x12B)
[0702/011019.326:ERROR:process_memory_win.cc(73)] ReadMemory at 0x95dfb8 of 64 bytes failed: Only part of a ReadProcessMemory or WriteProcessMemory request was completed. (0x12B)
[0702/011019.449:ERROR:process_memory_win.cc(73)] ReadMemory at 0x95e158 of 72 bytes failed: Only part of a ReadProcessMemory or WriteProcessMemory request was completed. (0x12B)
[0702/011019.449:ERROR:process_memory_win.cc(73)] ReadMemory at 0x95e240 of 64 bytes failed: Only part of a ReadProcessMemory or WriteProcessMemory request was completed. (0x12B)
[0702/011019.449:ERROR:process_memory_win.cc(73)] ReadMemory at 0x95e290 of 80 bytes failed: Only part of a ReadProcessMemory or WriteProcessMemory request was completed. (0x12B)
[0702/011019.449:ERROR:process_memory_win.cc(73)] ReadMemory at 0x95e3d0 of 72 bytes failed: Only part of a ReadProcessMemory or WriteProcessMemory request was completed. (0x12B)
[0702/011019.449:ERROR:process_memory_win.cc(73)] ReadMemory at 0x95e4b8 of 60 bytes failed: Only part of a ReadProcessMemory or WriteProcessMemory request was completed. (0x12B)
[0702/011019.450:ERROR:process_memory_win.cc(73)] ReadMemory at 0x95e688 of 72 bytes failed: Only part of a ReadProcessMemory or WriteProcessMemory request was completed. (0x12B)
[0702/011019.450:ERROR:process_memory_win.cc(73)] ReadMemory at 0x95e770 of 60 bytes failed: Only part of a ReadProcessMemory or WriteProcessMemory request was completed. (0x12B)
[0702/011019.450:ERROR:process_memory_win.cc(73)] ReadMemory at 0x95e8e0 of 72 bytes failed: Only part of a ReadProcessMemory or WriteProcessMemory request was completed. (0x12B)
[0702/011019.450:ERROR:process_memory_win.cc(73)] ReadMemory at 0x95e9c8 of 62 bytes failed: Only part of a ReadProcessMemory or WriteProcessMemory request was completed. (0x12B)
[0702/011019.450:ERROR:process_memory_win.cc(73)] ReadMemory at 0x95eb28 of 72 bytes failed: Only part of a ReadProcessMemory or WriteProcessMemory request was completed. (0x12B)
[0702/011019.450:ERROR:process_memory_win.cc(73)] ReadMemory at 0x95ec10 of 66 bytes failed: Only part of a ReadProcessMemory or WriteProcessMemory request was completed. (0x12B)
[0702/011019.450:ERROR:process_memory_win.cc(73)] ReadMemory at 0x95ed40 of 72 bytes failed: Only part of a ReadProcessMemory or WriteProcessMemory request was completed. (0x12B)
[0702/011019.451:ERROR:process_memory_win.cc(73)] ReadMemory at 0x95ee28 of 80 bytes failed: Only part of a ReadProcessMemory or WriteProcessMemory request was completed. (0x12B)
[0702/011019.451:ERROR:process_memory_win.cc(73)] ReadMemory at 0x961df0 of 72 bytes failed: Only part of a ReadProcessMemory or WriteProcessMemory request was completed. (0x12B)
[0702/011019.451:ERROR:process_memory_win.cc(73)] ReadMemory at 0x961ea0 of 62 bytes failed: Only part of a ReadProcessMemory or WriteProcessMemory request was completed. (0x12B)
[0702/011019.451:ERROR:process_memory_win.cc(73)] ReadMemory at 0x962600 of 72 bytes failed: Only part of a ReadProcessMemory or WriteProcessMemory request was completed. (0x12B)
[0702/011019.451:ERROR:process_memory_win.cc(73)] ReadMemory at 0x962ab8 of 62 bytes failed: Only part of a ReadProcessMemory or WriteProcessMemory request was completed. (0x12B)
[0702/011019.451:ERROR:process_memory_win.cc(73)] ReadMemory at 0x962c98 of 72 bytes failed: Only part of a ReadProcessMemory or WriteProcessMemory request was completed. (0x12B)
[0702/011019.451:ERROR:process_memory_win.cc(73)] ReadMemory at 0x962d48 of 78 bytes failed: Only part of a ReadProcessMemory or WriteProcessMemory request was completed. (0x12B)
[0702/011019.451:ERROR:process_memory_win.cc(73)] ReadMemory at 0x962fd0 of 72 bytes failed: Only part of a ReadProcessMemory or WriteProcessMemory request was completed. (0x12B)
[0702/011019.571:ERROR:process_memory_win.cc(73)] ReadMemory at 0x963080 of 72 bytes failed: Only part of a ReadProcessMemory or WriteProcessMemory request was completed. (0x12B)
[0702/011019.571:ERROR:process_memory_win.cc(73)] ReadMemory at 0x963130 of 72 bytes failed: Only part of a ReadProcessMemory or WriteProcessMemory request was completed. (0x12B)
[0702/011019.572:ERROR:process_memory_win.cc(73)] ReadMemory at 0x9631e0 of 72 bytes failed: Only part of a ReadProcessMemory or WriteProcessMemory request was completed. (0x12B)
[0702/011019.572:ERROR:process_memory_win.cc(73)] ReadMemory at 0x963290 of 72 bytes failed: Only part of a ReadProcessMemory or WriteProcessMemory request was completed. (0x12B)
[0702/011019.572:ERROR:process_memory_win.cc(73)] ReadMemory at 0x963340 of 72 bytes failed: Only part of a ReadProcessMemory or WriteProcessMemory request was completed. (0x12B)
[0702/011019.572:ERROR:process_memory_win.cc(73)] ReadMemory at 0x9633f0 of 72 bytes failed: Only part of a ReadProcessMemory or WriteProcessMemory request was completed. (0x12B)
[0702/011019.572:ERROR:process_memory_win.cc(73)] ReadMemory at 0x9634a0 of 72 bytes failed: Only part of a ReadProcessMemory or WriteProcessMemory request was completed. (0x12B)
[0702/011019.572:ERROR:process_memory_win.cc(73)] ReadMemory at 0x963550 of 72 bytes failed: Only part of a ReadProcessMemory or WriteProcessMemory request was completed. (0x12B)
[0702/011019.572:ERROR:process_memory_win.cc(73)] ReadMemory at 0x963600 of 72 bytes failed: Only part of a ReadProcessMemory or WriteProcessMemory request was completed. (0x12B)
[0702/011019.572:ERROR:process_memory_win.cc(73)] ReadMemory at 0x9636b0 of 72 bytes failed: Only part of a ReadProcessMemory or WriteProcessMemory request was completed. (0x12B)
[0702/011019.573:ERROR:process_memory_win.cc(73)] ReadMemory at 0x963760 of 72 bytes failed: Only part of a ReadProcessMemory or WriteProcessMemory request was completed. (0x12B)
[0702/011019.573:ERROR:process_memory_win.cc(73)] ReadMemory at 0x963810 of 72 bytes failed: Only part of a ReadProcessMemory or WriteProcessMemory request was completed. (0x12B)
[0702/011019.573:ERROR:process_memory_win.cc(73)] ReadMemory at 0x9638c0 of 72 bytes failed: Only part of a ReadProcessMemory or WriteProcessMemory request was completed. (0x12B)
[0702/011019.573:ERROR:process_memory_win.cc(73)] ReadMemory at 0x963970 of 72 bytes failed: Only part of a ReadProcessMemory or WriteProcessMemory request was completed. (0x12B)
[0702/011019.573:ERROR:process_memory_win.cc(73)] ReadMemory at 0x963a20 of 72 bytes failed: Only part of a ReadProcessMemory or WriteProcessMemory request was completed. (0x12B)
[0702/011019.573:ERROR:process_memory_win.cc(73)] ReadMemory at 0x963ad0 of 72 bytes failed: Only part of a ReadProcessMemory or WriteProcessMemory request was completed. (0x12B)
[0702/011019.573:ERROR:process_memory_win.cc(73)] ReadMemory at 0x963b80 of 72 bytes failed: Only part of a ReadProcessMemory or WriteProcessMemory request was completed. (0x12B)
[0702/011019.573:ERROR:process_memory_win.cc(73)] ReadMemory at 0x963c30 of 72 bytes failed: Only part of a ReadProcessMemory or WriteProcessMemory request was completed. (0x12B)
[0702/011019.574:ERROR:process_memory_win.cc(73)] ReadMemory at 0x963ce0 of 72 bytes failed: Only part of a ReadProcessMemory or WriteProcessMemory request was completed. (0x12B)
[0702/011019.574:ERROR:process_memory_win.cc(73)] ReadMemory at 0x963e40 of 72 bytes failed: Only part of a ReadProcessMemory or WriteProcessMemory request was completed. (0x12B)
[0702/011019.574:ERROR:process_memory_win.cc(73)] ReadMemory at 0x963ef0 of 72 bytes failed: Only part of a ReadProcessMemory or WriteProcessMemory request was completed. (0x12B)
[0702/011019.574:ERROR:process_memory_win.cc(73)] ReadMemory at 0x963fb0 of 64 bytes failed: Only part of a ReadProcessMemory or WriteProcessMemory request was completed. (0x12B)
[0702/011019.574:ERROR:process_memory_win.cc(73)] ReadMemory at 0x964148 of 62 bytes failed: Only part of a ReadProcessMemory or WriteProcessMemory request was completed. (0x12B)
[0702/011019.574:ERROR:process_memory_win.cc(73)] ReadMemory at 0x9642d8 of 58 bytes failed: Only part of a ReadProcessMemory or WriteProcessMemory request was completed. (0x12B)
[0702/011019.574:ERROR:process_memory_win.cc(73)] ReadMemory at 0x964320 of 158 bytes failed: Only part of a ReadProcessMemory or WriteProcessMemory request was completed. (0x12B)
[0702/011019.574:ERROR:process_memory_win.cc(73)] ReadMemory at 0x9643d8 of 66 bytes failed: Only part of a ReadProcessMemory or WriteProcessMemory request was completed. (0x12B)
[0702/011019.574:ERROR:process_memory_win.cc(73)] ReadMemory at 0x9644b8 of 66 bytes failed: Only part of a ReadProcessMemory or WriteProcessMemory request was completed. (0x12B)
[0702/011019.575:ERROR:process_memory_win.cc(73)] ReadMemory at 0x964a10 of 60 bytes failed: Only part of a ReadProcessMemory or WriteProcessMemory request was completed. (0x12B)
[0702/011019.575:ERROR:process_memory_win.cc(73)] ReadMemory at 0x964a58 of 242 bytes failed: Only part of a ReadProcessMemory or WriteProcessMemory request was completed. (0x12B)
[0702/011019.575:ERROR:process_memory_win.cc(73)] ReadMemory at 0x964b88 of 60 bytes failed: Only part of a ReadProcessMemory or WriteProcessMemory request was completed. (0x12B)
[0702/011019.575:ERROR:process_memory_win.cc(73)] ReadMemory at 0x964c98 of 76 bytes failed: Only part of a ReadProcessMemory or WriteProcessMemory request was completed. (0x12B)
[0702/011019.575:ERROR:process_memory_win.cc(73)] ReadMemory at 0x964dd0 of 62 bytes failed: Only part of a ReadProcessMemory or WriteProcessMemory request was completed. (0x12B)
[0702/011019.575:ERROR:process_memory_win.cc(73)] ReadMemory at 0x964f40 of 64 bytes failed: Only part of a ReadProcessMemory or WriteProcessMemory request was completed. (0x12B)
[0702/011019.575:ERROR:process_memory_win.cc(73)] ReadMemory at 0x965098 of 60 bytes failed: Only part of a ReadProcessMemory or WriteProcessMemory request was completed. (0x12B)
[0702/011019.575:ERROR:process_memory_win.cc(73)] ReadMemory at 0x9652d0 of 154 bytes failed: Only part of a ReadProcessMemory or WriteProcessMemory request was completed. (0x12B)
[0702/011019.576:ERROR:process_memory_win.cc(73)] ReadMemory at 0x965b38 of 62 bytes failed: Only part of a ReadProcessMemory or WriteProcessMemory request was completed. (0x12B)
[0702/011019.576:ERROR:process_memory_win.cc(73)] ReadMemory at 0x965bc8 of 60 bytes failed: Only part of a ReadProcessMemory or WriteProcessMemory request was completed. (0x12B)
[0702/011019.576:ERROR:process_memory_win.cc(73)] ReadMemory at 0x965c10 of 56 bytes failed: Only part of a ReadProcessMemory or WriteProcessMemory request was completed. (0x12B)
[0702/011019.576:ERROR:process_memory_win.cc(73)] ReadMemory at 0x965c58 of 58 bytes failed: Only part of a ReadProcessMemory or WriteProcessMemory request was completed. (0x12B)
[0702/011019.576:ERROR:process_memory_win.cc(73)] ReadMemory at 0x965d78 of 58 bytes failed: Only part of a ReadProcessMemory or WriteProcessMemory request was completed. (0x12B)
[0702/011019.576:ERROR:process_memory_win.cc(73)] ReadMemory at 0x965e08 of 62 bytes failed: Only part of a ReadProcessMemory or WriteProcessMemory request was completed. (0x12B)
[0702/011019.576:ERROR:process_memory_win.cc(73)] ReadMemory at 0x965f70 of 58 bytes failed: Only part of a ReadProcessMemory or WriteProcessMemory request was completed. (0x12B)
[0702/011019.576:ERROR:process_memory_win.cc(73)] ReadMemory at 0x965fb8 of 60 bytes failed: Only part of a ReadProcessMemory or WriteProcessMemory request was completed. (0x12B)
[0702/011019.576:ERROR:process_memory_win.cc(73)] ReadMemory at 0x966000 of 62 bytes failed: Only part of a ReadProcessMemory or WriteProcessMemory request was completed. (0x12B)
[0702/011019.577:ERROR:process_memory_win.cc(73)] ReadMemory at 0x966090 of 62 bytes failed: Only part of a ReadProcessMemory or WriteProcessMemory request was completed. (0x12B)
[0702/011019.577:ERROR:process_memory_win.cc(73)] ReadMemory at 0x9660d8 of 60 bytes failed: Only part of a ReadProcessMemory or WriteProcessMemory request was completed. (0x12B)
[0702/011019.577:ERROR:process_memory_win.cc(73)] ReadMemory at 0x966240 of 58 bytes failed: Only part of a ReadProcessMemory or WriteProcessMemory request was completed. (0x12B)
[0702/011019.577:ERROR:process_memory_win.cc(73)] ReadMemory at 0x9662d0 of 60 bytes failed: Only part of a ReadProcessMemory or WriteProcessMemory request was completed. (0x12B)
[0702/011019.577:ERROR:process_memory_win.cc(73)] ReadMemory at 0x966e70 of 66 bytes failed: Only part of a ReadProcessMemory or WriteProcessMemory request was completed. (0x12B)
[0702/011019.577:ERROR:process_memory_win.cc(73)] ReadMemory at 0x96bc30 of 64 bytes failed: Only part of a ReadProcessMemory or WriteProcessMemory request was completed. (0x12B)
[0702/011019.577:ERROR:process_memory_win.cc(73)] ReadMemory at 0x96bd70 of 64 bytes failed: Only part of a ReadProcessMemory or WriteProcessMemory request was completed. (0x12B)
[0702/011019.577:ERROR:process_memory_win.cc(73)] ReadMemory at 0x96beb0 of 64 bytes failed: Only part of a ReadProcessMemory or WriteProcessMemory request was completed. (0x12B)
[0702/011019.577:ERROR:process_memory_win.cc(73)] ReadMemory at 0x96bf00 of 64 bytes failed: Only part of a ReadProcessMemory or WriteProcessMemory request was completed. (0x12B)
[0702/011019.578:ERROR:process_memory_win.cc(73)] ReadMemory at 0x96c040 of 64 bytes failed: Only part of a ReadProcessMemory or WriteProcessMemory request was completed. (0x12B)
[0702/011019.578:ERROR:process_memory_win.cc(73)] ReadMemory at 0x96c130 of 64 bytes failed: Only part of a ReadProcessMemory or WriteProcessMemory request was completed. (0x12B)
[0702/011019.578:ERROR:process_memory_win.cc(73)] ReadMemory at 0x96c2c0 of 64 bytes failed: Only part of a ReadProcessMemory or WriteProcessMemory request was completed. (0x12B)
[0702/011019.578:ERROR:process_memory_win.cc(73)] ReadMemory at 0x96c360 of 64 bytes failed: Only part of a ReadProcessMemory or WriteProcessMemory request was completed. (0x12B)
[0702/011019.578:ERROR:process_memory_win.cc(73)] ReadMemory at 0x970360 of 54 bytes failed: Only part of a ReadProcessMemory or WriteProcessMemory request was completed. (0x12B)
[0702/011019.578:ERROR:process_memory_win.cc(73)] ReadMemory at 0x976bb0 of 72 bytes failed: Only part of a ReadProcessMemory or WriteProcessMemory request was completed. (0x12B)
[0702/011019.578:ERROR:process_memory_win.cc(73)] ReadMemory at 0x976dc0 of 72 bytes failed: Only part of a ReadProcessMemory or WriteProcessMemory request was completed. (0x12B)
[0702/011019.578:ERROR:process_memory_win.cc(73)] ReadMemory at 0x976f20 of 72 bytes failed: Only part of a ReadProcessMemory or WriteProcessMemory request was completed. (0x12B)
[0702/011019.578:ERROR:process_memory_win.cc(73)] ReadMemory at 0x9774a0 of 72 bytes failed: Only part of a ReadProcessMemory or WriteProcessMemory request was completed. (0x12B)
[0702/011019.579:ERROR:process_memory_win.cc(73)] ReadMemory at 0x977760 of 72 bytes failed: Only part of a ReadProcessMemory or WriteProcessMemory request was completed. (0x12B)
[0702/011019.579:ERROR:process_memory_win.cc(73)] ReadMemory at 0x977810 of 72 bytes failed: Only part of a ReadProcessMemory or WriteProcessMemory request was completed. (0x12B)
[0702/011019.579:ERROR:process_memory_win.cc(73)] ReadMemory at 0x977970 of 72 bytes failed: Only part of a ReadProcessMemory or WriteProcessMemory request was completed. (0x12B)
[0702/011019.579:ERROR:process_memory_win.cc(73)] ReadMemory at 0x977ce0 of 72 bytes failed: Only part of a ReadProcessMemory or WriteProcessMemory request was completed. (0x12B)
[0702/011019.579:ERROR:process_memory_win.cc(73)] ReadMemory at 0x977d90 of 72 bytes failed: Only part of a ReadProcessMemory or WriteProcessMemory request was completed. (0x12B)
[0702/011019.579:ERROR:process_memory_win.cc(73)] ReadMemory at 0x977e40 of 72 bytes failed: Only part of a ReadProcessMemory or WriteProcessMemory request was completed. (0x12B)
[0702/011019.579:ERROR:process_memory_win.cc(73)] ReadMemory at 0x977ef0 of 72 bytes failed: Only part of a ReadProcessMemory or WriteProcessMemory request was completed. (0x12B)
[0702/011019.579:ERROR:process_memory_win.cc(73)] ReadMemory at 0x977fa0 of 72 bytes failed: Only part of a ReadProcessMemory or WriteProcessMemory request was completed. (0x12B)
[0702/011019.579:ERROR:process_memory_win.cc(73)] ReadMemory at 0x978100 of 72 bytes failed: Only part of a ReadProcessMemory or WriteProcessMemory request was completed. (0x12B)
[0702/011019.580:ERROR:process_memory_win.cc(73)] ReadMemory at 0x9781b0 of 72 bytes failed: Only part of a ReadProcessMemory or WriteProcessMemory request was completed. (0x12B)
[0702/011019.580:ERROR:process_memory_win.cc(73)] ReadMemory at 0x978260 of 72 bytes failed: Only part of a ReadProcessMemory or WriteProcessMemory request was completed. (0x12B)
[0702/011019.580:ERROR:process_memory_win.cc(73)] ReadMemory at 0x978310 of 72 bytes failed: Only part of a ReadProcessMemory or WriteProcessMemory request was completed. (0x12B)
[0702/011019.580:ERROR:process_memory_win.cc(73)] ReadMemory at 0x9783c0 of 72 bytes failed: Only part of a ReadProcessMemory or WriteProcessMemory request was completed. (0x12B)
[0702/011019.580:ERROR:process_memory_win.cc(73)] ReadMemory at 0x978470 of 72 bytes failed: Only part of a ReadProcessMemory or WriteProcessMemory request was completed. (0x12B)
[0702/011019.580:ERROR:process_memory_win.cc(73)] ReadMemory at 0x978520 of 72 bytes failed: Only part of a ReadProcessMemory or WriteProcessMemory request was completed. (0x12B)
[0702/011019.580:ERROR:process_memory_win.cc(73)] ReadMemory at 0x9785d0 of 72 bytes failed: Only part of a ReadProcessMemory or WriteProcessMemory request was completed. (0x12B)
[0702/011019.580:ERROR:process_memory_win.cc(73)] ReadMemory at 0x97bff8 of 62 bytes failed: Only part of a ReadProcessMemory or WriteProcessMemory request was completed. (0x12B)
[0702/011019.581:ERROR:process_memory_win.cc(73)] ReadMemory at 0x97c088 of 60 bytes failed: Only part of a ReadProcessMemory or WriteProcessMemory request was completed. (0x12B)
[0702/011019.659:ERROR:process_memory_win.cc(73)] ReadMemory at 0x97c1a8 of 62 bytes failed: Only part of a ReadProcessMemory or WriteProcessMemory request was completed. (0x12B)
[0702/011019.660:ERROR:process_memory_win.cc(73)] ReadMemory at 0x97c280 of 60 bytes failed: Only part of a ReadProcessMemory or WriteProcessMemory request was completed. (0x12B)
[0702/011019.660:ERROR:process_memory_win.cc(73)] ReadMemory at 0x97c2c8 of 62 bytes failed: Only part of a ReadProcessMemory or WriteProcessMemory request was completed. (0x12B)
[0702/011019.660:ERROR:process_memory_win.cc(73)] ReadMemory at 0x985720 of 512 bytes failed: Only part of a ReadProcessMemory or WriteProcessMemory request was completed. (0x12B)
[0702/011019.660:ERROR:process_memory_win.cc(73)] ReadMemory at 0x986208 of 512 bytes failed: Only part of a ReadProcessMemory or WriteProcessMemory request was completed. (0x12B)
[0702/011019.660:ERROR:process_memory_win.cc(73)] ReadMemory at 0x51846d0 of 528 bytes failed: Only part of a ReadProcessMemory or WriteProcessMemory request was completed. (0x12B)
[0702/011019.660:ERROR:process_memory_win.cc(73)] ReadMemory at 0x519d150 of 612 bytes failed: Only part of a ReadProcessMemory or WriteProcessMemory request was completed. (0x12B)
[0702/011019.660:ERROR:process_memory_win.cc(73)] ReadMemory at 0xf941dee of 512 bytes failed: Only part of a ReadProcessMemory or WriteProcessMemory request was completed. (0x12B)
[0702/011019.661:ERROR:process_memory_win.cc(73)] ReadMemory at 0x1e389b85 of 512 bytes failed: Only part of a ReadProcessMemory or WriteProcessMemory request was completed. (0x12B)
[0702/011019.661:ERROR:process_memory_win.cc(73)] ReadMemory at 0x225fba58 of 512 bytes failed: Only part of a ReadProcessMemory or WriteProcessMemory request was completed. (0x12B)
[0702/011019.661:ERROR:process_memory_win.cc(73)] ReadMemory at 0x225fc080 of 512 bytes failed: Only part of a ReadProcessMemory or WriteProcessMemory request was completed. (0x12B)
[0702/011019.661:ERROR:process_memory_win.cc(73)] ReadMemory at 0x3786d7b8 of 512 bytes failed: Only part of a ReadProcessMemory or WriteProcessMemory request was completed. (0x12B)
[0702/011019.661:ERROR:process_memory_win.cc(73)] ReadMemory at 0x7334145e of 512 bytes failed: Only part of a ReadProcessMemory or WriteProcessMemory request was completed. (0x12B)
[0702/011019.661:ERROR:process_memory_win.cc(73)] ReadMemory at 0x73341b77 of 512 bytes failed: Only part of a ReadProcessMemory or WriteProcessMemory request was completed. (0x12B)
[0702/011019.661:ERROR:process_memory_win.cc(73)] ReadMemory at 0x777f8564 of 18 bytes failed: Only part of a ReadProcessMemory or WriteProcessMemory request was completed. (0x12B)
[0702/011019.661:ERROR:process_memory_win.cc(73)] ReadMemory at 0x778413c0 of 512 bytes failed: Only part of a ReadProcessMemory or WriteProcessMemory request was completed. (0x12B)
[0702/011019.662:ERROR:process_memory_win.cc(73)] ReadMemory at 0x7785a87c of 592 bytes failed: Only part of a ReadProcessMemory or WriteProcessMemory request was completed. (0x12B)
[0702/011019.662:ERROR:process_memory_win.cc(73)] ReadMemory at 0x7785ae0c of 512 bytes failed: Only part of a ReadProcessMemory or WriteProcessMemory request was completed. (0x12B)
[0702/011019.662:ERROR:process_memory_win.cc(73)] ReadMemory at 0x7785c4dc of 560 bytes failed: Only part of a ReadProcessMemory or WriteProcessMemory request was completed. (0x12B)
[0702/011019.662:ERROR:process_memory_win.cc(73)] ReadMemory at 0x779053b8 of 24 bytes failed: Only part of a ReadProcessMemory or WriteProcessMemory request was completed. (0x12B)
[0702/011019.662:ERROR:process_memory_win.cc(73)] ReadMemory at 0x7790573c of 32 bytes failed: Only part of a ReadProcessMemory or WriteProcessMemory request was completed. (0x12B)
[0702/011019.662:ERROR:process_memory_win.cc(73)] ReadMemory at 0x77907ba0 of 36 bytes failed: Only part of a ReadProcessMemory or WriteProcessMemory request was completed. (0x12B)
[0702/011021.266:ERROR:scoped_process_suspend.cc(40)] NtResumeProcess: An attempt was made to access an exiting process. (0xc000010a)
